<?xml version="1.0" encoding="UTF-8"?>
<testng-results skipped="0" failed="0" ignored="0" total="1" passed="1">
  <reporter-output>
  </reporter-output>
  <suite name="Suite 1" duration-ms="9472" started-at="2021-03-18T07:43:12Z" finished-at="2021-03-18T07:43:22Z">
    <groups>
    </groups>
    <test name="Test 1" duration-ms="9472" started-at="2021-03-18T07:43:12Z" finished-at="2021-03-18T07:43:22Z">
      <class name="git1Test.Git1Test">
        <test-method status="PASS" signature="loginTest()[pri:0, instance:git1Test.Git1Test@6bdf28bb]" name="loginTest" duration-ms="9440" started-at="2021-03-18T13:13:12Z" finished-at="2021-03-18T13:13:22Z">
          <reporter-output>
          </reporter-output>
        </test-method> <!-- loginTest -->
      </class> <!-- git1Test.Git1Test -->
    </test> <!-- Test 1 -->
  </suite> <!-- Suite 1 -->
</testng-results>
