<?xml version="1.0" encoding="UTF-8"?>
<testng-results skipped="0" failed="0" ignored="0" total="2" passed="2">
  <reporter-output>
  </reporter-output>
  <suite name="Suite" duration-ms="26811" started-at="2020-10-24T10:30:55Z" finished-at="2020-10-24T10:31:21Z">
    <groups>
    </groups>
    <test name="Test" duration-ms="26811" started-at="2020-10-24T10:30:55Z" finished-at="2020-10-24T10:31:21Z">
      <class name="git1Test.Git1Test">
        <test-method status="PASS" signature="loginTest()[pri:0, instance:git1Test.Git1Test@1ce92674]" name="loginTest" duration-ms="15942" started-at="2020-10-24T16:00:55Z" finished-at="2020-10-24T16:01:11Z">
          <reporter-output>
          </reporter-output>
        </test-method> <!-- loginTest -->
      </class> <!-- git1Test.Git1Test -->
      <class name="git2Test.Git2Test">
        <test-method status="PASS" signature="loginTest()[pri:0, instance:git2Test.Git2Test@5bcab519]" name="loginTest" duration-ms="10800" started-at="2020-10-24T16:01:11Z" finished-at="2020-10-24T16:01:21Z">
          <reporter-output>
          </reporter-output>
        </test-method> <!-- loginTest -->
      </class> <!-- git2Test.Git2Test -->
    </test> <!-- Test -->
  </suite> <!-- Suite -->
</testng-results>
