<?xml version="1.0" encoding="UTF-8"?>
<testng-results skipped="0" failed="0" total="1" passed="1">
  <reporter-output>
  </reporter-output>
  <suite name="Suite" duration-ms="14899" started-at="2020-10-17T11:21:01Z" finished-at="2020-10-17T11:21:16Z">
    <groups>
    </groups>
    <test name="Test" duration-ms="14899" started-at="2020-10-17T11:21:01Z" finished-at="2020-10-17T11:21:16Z">
      <class name="git1Test.Git1Test">
        <test-method status="PASS" signature="loginTest()[pri:0, instance:git1Test.Git1Test@5b275dab]" name="loginTest" duration-ms="14868" started-at="2020-10-17T16:51:01Z" finished-at="2020-10-17T16:51:16Z">
          <reporter-output>
          </reporter-output>
        </test-method> <!-- loginTest -->
      </class> <!-- git1Test.Git1Test -->
    </test> <!-- Test -->
  </suite> <!-- Suite -->
</testng-results>
